# JRE version: OpenJDK Runtime Environment (21.0.4+7) (build 21.0.4+7-Ubuntu-1ubuntu224.04)
# Java VM: OpenJDK 64-Bit Server VM (21.0.4+7-Ubuntu-1ubuntu224.04, mixed mode, sharing, tiered, compressed oops, compressed class ptrs, g1 gc, linux-amd64)
GC Precious Log:
 CardTable entry size: 512
 Card Set container configuration: InlinePtr #cards 4 size 8 Array Of Cards #cards 32 size 80 Howl #buckets 8 coarsen threshold 7372 Howl Bitmap #cards 1024 size 144 coarsen threshold 921 Card regions per heap region 1 cards per card region 8192
 CPUs: 16 total, 16 available
 Memory: 31322M
 Large Page Support: Disabled
 NUMA Support: Disabled
 Compressed Oops: Enabled (Zero based)
 Heap Region Size: 4M
 Heap Min Capacity: 8M
 Heap Initial Capacity: 492M
 Heap Max Capacity: 7832M
 Pre-touch: Disabled
 Parallel Workers: 13
 Concurrent Workers: 3
 Concurrent Refinement Workers: 13
 Periodic GC: Disabled
Heap:
 garbage-first heap   total 2072576K, used 195341K [0x0000000616800000, 0x0000000800000000)
  region size 4096K, 40 young (163840K), 21 survivors (86016K)
 Metaspace       used 4698K, committed 4864K, reserved 1114112K
  class space    used 397K, committed 448K, reserved 1048576K
GC Heap History (20 events):
Event: 3.256 GC heap before
{Heap before GC invocations=2 (full 0):
 garbage-first heap   total 507904K, used 173588K [0x0000000616800000, 0x0000000800000000)
  region size 4096K, 42 young (172032K), 1 survivors (4096K)
 Metaspace       used 4693K, committed 4864K, reserved 1114112K
  class space    used 397K, committed 448K, reserved 1048576K
}
Event: 3.268 GC heap after
{Heap after GC invocations=3 (full 0):
 garbage-first heap   total 507904K, used 18388K [0x0000000616800000, 0x0000000800000000)
  region size 4096K, 4 young (16384K), 4 survivors (16384K)
 Metaspace       used 4693K, committed 4864K, reserved 1114112K
  class space    used 397K, committed 448K, reserved 1048576K
}
Event: 3.391 GC heap before
{Heap before GC invocations=3 (full 0):
 garbage-first heap   total 507904K, used 206804K [0x0000000616800000, 0x0000000800000000)
  region size 4096K, 50 young (204800K), 4 survivors (16384K)
 Metaspace       used 4698K, committed 4864K, reserved 1114112K
  class space    used 397K, committed 448K, reserved 1048576K
}
Event: 3.406 GC heap after
{Heap after GC invocations=4 (full 0):
 garbage-first heap   total 507904K, used 22098K [0x0000000616800000, 0x0000000800000000)
  region size 4096K, 5 young (20480K), 5 survivors (20480K)
 Metaspace       used 4698K, committed 4864K, reserved 1114112K
  class space    used 397K, committed 448K, reserved 1048576K
}
Event: 3.583 GC heap before
{Heap before GC invocations=4 (full 0):
 garbage-first heap   total 507904K, used 304722K [0x0000000616800000, 0x0000000800000000)
  region size 4096K, 73 young (299008K), 5 survivors (20480K)
 Metaspace       used 4698K, committed 4864K, reserved 1114112K
  class space    used 397K, committed 448K, reserved 1048576K
}
Event: 3.603 GC heap after
{Heap after GC invocations=5 (full 0):
 garbage-first heap   total 507904K, used 32859K [0x0000000616800000, 0x0000000800000000)
  region size 4096K, 7 young (28672K), 7 survivors (28672K)
 Metaspace       used 4698K, committed 4864K, reserved 1114112K
  class space    used 397K, committed 448K, reserved 1048576K
}
Event: 3.750 GC heap before
{Heap before GC invocations=5 (full 0):
 garbage-first heap   total 507904K, used 311387K [0x0000000616800000, 0x0000000800000000)
  region size 4096K, 73 young (299008K), 7 survivors (28672K)
 Metaspace       used 4698K, committed 4864K, reserved 1114112K
  class space    used 397K, committed 448K, reserved 1048576K
}
Event: 3.773 GC heap after
{Heap after GC invocations=6 (full 0):
 garbage-first heap   total 1015808K, used 36670K [0x0000000616800000, 0x0000000800000000)
  region size 4096K, 7 young (28672K), 7 survivors (28672K)
 Metaspace       used 4698K, committed 4864K, reserved 1114112K
  class space    used 397K, committed 448K, reserved 1048576K
}
Event: 4.233 GC heap before
{Heap before GC invocations=6 (full 0):
 garbage-first heap   total 1015808K, used 552766K [0x0000000616800000, 0x0000000800000000)
  region size 4096K, 133 young (544768K), 7 survivors (28672K)
 Metaspace       used 4698K, committed 4864K, reserved 1114112K
  class space    used 397K, committed 448K, reserved 1048576K
}
Event: 4.284 GC heap after
{Heap after GC invocations=7 (full 0):
 garbage-first heap   total 1015808K, used 61162K [0x0000000616800000, 0x0000000800000000)
  region size 4096K, 13 young (53248K), 13 survivors (53248K)
 Metaspace       used 4698K, committed 4864K, reserved 1114112K
  class space    used 397K, committed 448K, reserved 1048576K
}
Event: 4.574 GC heap before
{Heap before GC invocations=7 (full 0):
 garbage-first heap   total 1015808K, used 605930K [0x0000000616800000, 0x0000000800000000)
  region size 4096K, 143 young (585728K), 13 survivors (53248K)
 Metaspace       used 4698K, committed 4864K, reserved 1114112K
  class space    used 397K, committed 448K, reserved 1048576K
}
Event: 4.630 GC heap after
{Heap after GC invocations=8 (full 0):
 garbage-first heap   total 1015808K, used 65157K [0x0000000616800000, 0x0000000800000000)
  region size 4096K, 13 young (53248K), 13 survivors (53248K)
 Metaspace       used 4698K, committed 4864K, reserved 1114112K
  class space    used 397K, committed 448K, reserved 1048576K
}
Event: 4.927 GC heap before
{Heap before GC invocations=8 (full 0):
 garbage-first heap   total 1015808K, used 618117K [0x0000000616800000, 0x0000000800000000)
  region size 4096K, 148 young (606208K), 13 survivors (53248K)
 Metaspace       used 4698K, committed 4864K, reserved 1114112K
  class space    used 397K, committed 448K, reserved 1048576K
}
Event: 4.987 GC heap after
{Heap after GC invocations=9 (full 0):
 garbage-first heap   total 1015808K, used 67254K [0x0000000616800000, 0x0000000800000000)
  region size 4096K, 13 young (53248K), 13 survivors (53248K)
 Metaspace       used 4698K, committed 4864K, reserved 1114112K
  class space    used 397K, committed 448K, reserved 1048576K
}
Event: 20.007 GC heap before
{Heap before GC invocations=9 (full 0):
 garbage-first heap   total 1015808K, used 628406K [0x0000000616800000, 0x0000000800000000)
  region size 4096K, 148 young (606208K), 13 survivors (53248K)
 Metaspace       used 4698K, committed 4864K, reserved 1114112K
  class space    used 397K, committed 448K, reserved 1048576K
}
Event: 20.066 GC heap after
{Heap after GC invocations=10 (full 0):
 garbage-first heap   total 2072576K, used 73468K [0x0000000616800000, 0x0000000800000000)
  region size 4096K, 13 young (53248K), 13 survivors (53248K)
 Metaspace       used 4698K, committed 4864K, reserved 1114112K
  class space    used 397K, committed 448K, reserved 1048576K
}
Event: 58.540 GC heap before
{Heap before GC invocations=10 (full 0):
 garbage-first heap   total 2072576K, used 962300K [0x0000000616800000, 0x0000000800000000)
  region size 4096K, 227 young (929792K), 13 survivors (53248K)
 Metaspace       used 4698K, committed 4864K, reserved 1114112K
  class space    used 397K, committed 448K, reserved 1048576K
}
Event: 58.604 GC heap after
{Heap after GC invocations=11 (full 0):
 garbage-first heap   total 2072576K, used 105523K [0x0000000616800000, 0x0000000800000000)
  region size 4096K, 18 young (73728K), 18 survivors (73728K)
 Metaspace       used 4698K, committed 4864K, reserved 1114112K
  class space    used 397K, committed 448K, reserved 1048576K
}
Event: 102.476 GC heap before
{Heap before GC invocations=11 (full 0):
 garbage-first heap   total 2072576K, used 1137715K [0x0000000616800000, 0x0000000800000000)
  region size 4096K, 267 young (1093632K), 18 survivors (73728K)
 Metaspace       used 4698K, committed 4864K, reserved 1114112K
  class space    used 397K, committed 448K, reserved 1048576K
}
Event: 102.573 GC heap after
{Heap after GC invocations=12 (full 0):
 garbage-first heap   total 2072576K, used 121613K [0x0000000616800000, 0x0000000800000000)
  region size 4096K, 21 young (86016K), 21 survivors (86016K)
 Metaspace       used 4698K, committed 4864K, reserved 1114112K
  class space    used 397K, committed 448K, reserved 1048576K
}

