# JRE version: OpenJDK Runtime Environment (21.0.4+7) (build 21.0.4+7-Ubuntu-1ubuntu224.04)
# Java VM: OpenJDK 64-Bit Server VM (21.0.4+7-Ubuntu-1ubuntu224.04, mixed mode, sharing, tiered, compressed oops, compressed class ptrs, g1 gc, linux-amd64)
GC Precious Log:
 CardTable entry size: 512
 Card Set container configuration: InlinePtr #cards 4 size 8 Array Of Cards #cards 32 size 80 Howl #buckets 8 coarsen threshold 7372 Howl Bitmap #cards 1024 size 144 coarsen threshold 921 Card regions per heap region 1 cards per card region 8192
 CPUs: 16 total, 16 available
 Memory: 31322M
 Large Page Support: Disabled
 NUMA Support: Disabled
 Compressed Oops: Enabled (Zero based)
 Heap Region Size: 4M
 Heap Min Capacity: 8M
 Heap Initial Capacity: 492M
 Heap Max Capacity: 7832M
 Pre-touch: Disabled
 Parallel Workers: 13
 Concurrent Workers: 3
 Concurrent Refinement Workers: 13
 Periodic GC: Disabled
Heap:
 garbage-first heap   total 507904K, used 233777K [0x0000000616800000, 0x0000000800000000)
  region size 4096K, 26 young (106496K), 1 survivors (4096K)
 Metaspace       used 5283K, committed 5504K, reserved 1114112K
  class space    used 458K, committed 576K, reserved 1048576K
GC Heap History (6 events):
Event: 0.208 GC heap before
{Heap before GC invocations=0 (full 0):
 garbage-first heap   total 507904K, used 50206K [0x0000000616800000, 0x0000000800000000)
  region size 4096K, 6 young (24576K), 0 survivors (0K)
 Metaspace       used 3511K, committed 3648K, reserved 1114112K
  class space    used 316K, committed 384K, reserved 1048576K
}
Event: 0.212 GC heap after
{Heap after GC invocations=1 (full 0):
 garbage-first heap   total 507904K, used 35484K [0x0000000616800000, 0x0000000800000000)
  region size 4096K, 1 young (4096K), 1 survivors (4096K)
 Metaspace       used 3511K, committed 3648K, reserved 1114112K
  class space    used 316K, committed 384K, reserved 1048576K
}
Event: 0.247 GC heap before
{Heap before GC invocations=1 (full 0):
 garbage-first heap   total 507904K, used 72348K [0x0000000616800000, 0x0000000800000000)
  region size 4096K, 7 young (28672K), 1 survivors (4096K)
 Metaspace       used 3512K, committed 3648K, reserved 1114112K
  class space    used 316K, committed 384K, reserved 1048576K
}
Event: 0.249 GC heap after
{Heap after GC invocations=2 (full 0):
 garbage-first heap   total 507904K, used 33070K [0x0000000616800000, 0x0000000800000000)
  region size 4096K, 1 young (4096K), 1 survivors (4096K)
 Metaspace       used 3512K, committed 3648K, reserved 1114112K
  class space    used 316K, committed 384K, reserved 1048576K
}
Event: 0.331 GC heap before
{Heap before GC invocations=2 (full 0):
 garbage-first heap   total 507904K, used 131374K [0x0000000616800000, 0x0000000800000000)
  region size 4096K, 17 young (69632K), 1 survivors (4096K)
 Metaspace       used 3512K, committed 3648K, reserved 1114112K
  class space    used 316K, committed 384K, reserved 1048576K
}
Event: 0.333 GC heap after
{Heap after GC invocations=3 (full 0):
 garbage-first heap   total 507904K, used 45361K [0x0000000616800000, 0x0000000800000000)
  region size 4096K, 1 young (4096K), 1 survivors (4096K)
 Metaspace       used 3512K, committed 3648K, reserved 1114112K
  class space    used 316K, committed 384K, reserved 1048576K
}

